<?xml version="1.0" encoding="UTF-8"?>
<!-- Generated by org.testng.reporters.JUnitReportReporter -->
<testsuite hostname="Aksharaclothing" failures="0" tests="3" name="tests.PutPatchAndDeleteTests" time="3.726" errors="0" timestamp="2024-06-10T16:07:01 IST" skipped="0">
  <testcase classname="tests.PutPatchAndDeleteTests" name="testDelete" time="2.565"/>
  <testcase classname="tests.PutPatchAndDeleteTests" name="testPatch" time="0.529"/>
  <testcase classname="tests.PutPatchAndDeleteTests" name="testPut" time="0.632"/>
</testsuite> <!-- tests.PutPatchAndDeleteTests -->
