<?xml version="1.0" encoding="UTF-8"?>
<!-- Generated by org.testng.reporters.JUnitReportReporter -->
<testsuite hostname="Aksharaclothing" failures="0" tests="1" name="tests.RestGetAndPostExample" time="4.861" errors="0" timestamp="2024-06-10T15:54:07 IST" skipped="0">
  <testcase classname="tests.RestGetAndPostExample" name="postTest" time="4.861"/>
</testsuite> <!-- tests.RestGetAndPostExample -->
