<?xml version="1.0" encoding="UTF-8"?>
<!-- Generated by org.testng.reporters.JUnitReportReporter -->
<testsuite hostname="Aksharaclothing" failures="0" tests="1" name="tests.RestSampleTest1" time="2.450" errors="0" timestamp="2024-06-09T19:26:49 IST" skipped="0">
  <testcase classname="tests.RestSampleTest1" name="test1" time="2.450"/>
</testsuite> <!-- tests.RestSampleTest1 -->
