<?xml version="1.0" encoding="UTF-8"?>
<!-- Generated by org.testng.reporters.JUnitReportReporter -->
<testsuite hostname="Aksharaclothing" failures="0" tests="1" name="tests.StaticRestAssuredTest2" time="2.915" errors="0" timestamp="2024-06-09T19:35:53 IST" skipped="0">
  <testcase classname="tests.StaticRestAssuredTest2" name="staticTest1" time="2.915"/>
</testsuite> <!-- tests.StaticRestAssuredTest2 -->
